[debug] [2022-04-11T05:14:24.740Z] ----------------------------------------------------------------------
[debug] [2022-04-11T05:14:24.743Z] Command:       C:\Program Files\nodejs\node.exe C:\Users\KyThuat88\AppData\Roaming\npm\node_modules\firebase-tools\lib\bin\firebase.js init
[debug] [2022-04-11T05:14:24.744Z] CLI Version:   10.6.0
[debug] [2022-04-11T05:14:24.744Z] Platform:      win32
[debug] [2022-04-11T05:14:24.744Z] Node Version:  v16.13.1
[debug] [2022-04-11T05:14:24.746Z] Time:          Mon Apr 11 2022 12:14:24 GMT+0700 (Indochina Time)
[debug] [2022-04-11T05:14:24.747Z] ----------------------------------------------------------------------
[debug] 
[debug] [2022-04-11T05:14:24.752Z] >>> [apiv2][query] GET https://firebase-public.firebaseio.com/cli.json [none]
[debug] [2022-04-11T05:14:24.792Z] > command requires scopes: ["email","openid","https://www.googleapis.com/auth/cloudplatformprojects.readonly","https://www.googleapis.com/auth/firebase","https://www.googleapis.com/auth/cloud-platform"]
[debug] [2022-04-11T05:14:24.792Z] > authorizing via signed-in user (volmicrolab@gmail.com)
[info] 
     ######## #### ########  ######## ########     ###     ######  ########
     ##        ##  ##     ## ##       ##     ##  ##   ##  ##       ##
     ######    ##  ########  ######   ########  #########  ######  ######
     ##        ##  ##    ##  ##       ##     ## ##     ##       ## ##
     ##       #### ##     ## ######## ########  ##     ##  ######  ########

You're about to initialize a Firebase project in this directory:

  D:\VueJs\bluearchiveclone

[debug] [2022-04-11T05:14:25.648Z] <<< [apiv2][status] GET https://firebase-public.firebaseio.com/cli.json 200
[debug] [2022-04-11T05:14:25.648Z] <<< [apiv2][body] GET https://firebase-public.firebaseio.com/cli.json {"cloudBuildErrorAfter":1594252800000,"cloudBuildWarnAfter":1590019200000,"defaultNode10After":1594252800000,"minVersion":"3.0.5","node8DeploysDisabledAfter":1613390400000,"node8RuntimeDisabledAfter":1615809600000,"node8WarnAfter":1600128000000}
